Flow report for sopc_compteur
Thu Feb 19 16:49:38 2026
Quartus Prime Version 18.1.0 Build 625 09/12/2018 SJ Lite Edition


---------------------
; Table of Contents ;
---------------------
  1. Legal Notice
  2. Flow Summary
  3. Flow Settings
  4. Flow Non-Default Global Settings
  5. Flow Elapsed Time
  6. Flow OS Summary
  7. Flow Log
  8. Flow Messages
  9. Flow Suppressed Messages



----------------
; Legal Notice ;
----------------
Copyright (C) 2018  Intel Corporation. All rights reserved.
Your use of Intel Corporation's design tools, logic functions 
and other software and tools, and its AMPP partner logic 
functions, and any output files from any of the foregoing 
(including device programming or simulation files), and any 
associated documentation or information are expressly subject 
to the terms and conditions of the Intel Program License 
Subscription Agreement, the Intel Quartus Prime License Agreement,
the Intel FPGA IP License Agreement, or other applicable license
agreement, including, without limitation, that your use is for
the sole purpose of programming logic devices manufactured by
Intel and sold by Intel or its authorized distributors.  Please
refer to the applicable agreement for further details.



+----------------------------------------------------------------------------------+
; Flow Summary                                                                     ;
+------------------------------------+---------------------------------------------+
; Flow Status                        ; Successful - Thu Feb 19 16:49:32 2026       ;
; Quartus Prime Version              ; 18.1.0 Build 625 09/12/2018 SJ Lite Edition ;
; Revision Name                      ; sopc_compteur                               ;
; Top-level Entity Name              ; sopc_compteur_new                           ;
; Family                             ; Cyclone IV E                                ;
; Device                             ; EP4CE22F17C6                                ;
; Timing Models                      ; Final                                       ;
; Total logic elements               ; 2,083 / 22,320 ( 9 % )                      ;
;     Total combinational functions  ; 1,940 / 22,320 ( 9 % )                      ;
;     Dedicated logic registers      ; 1,083 / 22,320 ( 5 % )                      ;
; Total registers                    ; 1083                                        ;
; Total pins                         ; 12 / 154 ( 8 % )                            ;
; Total virtual pins                 ; 0                                           ;
; Total memory bits                  ; 175,104 / 608,256 ( 29 % )                  ;
; Embedded Multiplier 9-bit elements ; 0 / 132 ( 0 % )                             ;
; Total PLLs                         ; 0 / 4 ( 0 % )                               ;
+------------------------------------+---------------------------------------------+


+-----------------------------------------+
; Flow Settings                           ;
+-------------------+---------------------+
; Option            ; Setting             ;
+-------------------+---------------------+
; Start date & time ; 02/19/2026 16:48:39 ;
; Main task         ; Compilation         ;
; Revision Name     ; sopc_compteur       ;
+-------------------+---------------------+


+--------------------------------------------------------------------------------------------------------------------------------------------------+
; Flow Non-Default Global Settings                                                                                                                 ;
+-------------------------------------+-----------------------------------------------------------+---------------+-------------------+------------+
; Assignment Name                     ; Value                                                     ; Default Value ; Entity Name       ; Section Id ;
+-------------------------------------+-----------------------------------------------------------+---------------+-------------------+------------+
; COMPILER_SIGNATURE_ID               ; 47100569179.177151611807492                               ; --            ; --                ; --         ;
; MAX_CORE_JUNCTION_TEMP              ; 85                                                        ; --            ; --                ; --         ;
; MIN_CORE_JUNCTION_TEMP              ; 0                                                         ; --            ; --                ; --         ;
; MISC_FILE                           ; sopc_compteur/synthesis/../unsaved.cmp                    ; --            ; --                ; --         ;
; MISC_FILE                           ; sopc_compteur/synthesis/../../unsaved.qsys                ; --            ; --                ; --         ;
; NOMINAL_CORE_SUPPLY_VOLTAGE         ; 1.2V                                                      ; --            ; --                ; --         ;
; PARTITION_COLOR                     ; -- (Not supported for targeted family)                    ; --            ; sopc_compteur_new ; Top        ;
; PARTITION_FITTER_PRESERVATION_LEVEL ; -- (Not supported for targeted family)                    ; --            ; sopc_compteur_new ; Top        ;
; PARTITION_NETLIST_TYPE              ; -- (Not supported for targeted family)                    ; --            ; sopc_compteur_new ; Top        ;
; POWER_BOARD_THERMAL_MODEL           ; None (CONSERVATIVE)                                       ; --            ; --                ; --         ;
; POWER_PRESET_COOLING_SOLUTION       ; 23 MM HEAT SINK WITH 200 LFPM AIRFLOW                     ; --            ; --                ; --         ;
; PROJECT_OUTPUT_DIRECTORY            ; output_files                                              ; --            ; --                ; --         ;
; SLD_FILE                            ; sopc_compteur/synthesis/unsaved.regmap                    ; --            ; --                ; --         ;
; SLD_FILE                            ; sopc_compteur/synthesis/unsaved.debuginfo                 ; --            ; --                ; --         ;
; SLD_INFO                            ; QSYS_NAME unsaved HAS_SOPCINFO 1 GENERATION_ID 1771515699 ; --            ; unsaved           ; --         ;
; SOPCINFO_FILE                       ; sopc_compteur/synthesis/../../unsaved.sopcinfo            ; --            ; --                ; --         ;
; SYNTHESIS_ONLY_QIP                  ; On                                                        ; --            ; --                ; --         ;
; TOP_LEVEL_ENTITY                    ; sopc_compteur_new                                         ; sopc_compteur ; --                ; --         ;
+-------------------------------------+-----------------------------------------------------------+---------------+-------------------+------------+


+--------------------------------------------------------------------------------------------------------------------------+
; Flow Elapsed Time                                                                                                        ;
+----------------------+--------------+-------------------------+---------------------+------------------------------------+
; Module Name          ; Elapsed Time ; Average Processors Used ; Peak Virtual Memory ; Total CPU Time (on all processors) ;
+----------------------+--------------+-------------------------+---------------------+------------------------------------+
; Analysis & Synthesis ; 00:00:33     ; 1.0                     ; 761 MB              ; 00:00:50                           ;
; Fitter               ; 00:00:10     ; 1.1                     ; 1366 MB             ; 00:00:12                           ;
; Assembler            ; 00:00:02     ; 1.0                     ; 547 MB              ; 00:00:02                           ;
; Timing Analyzer      ; 00:00:04     ; 1.1                     ; 661 MB              ; 00:00:03                           ;
; Total                ; 00:00:49     ; --                      ; --                  ; 00:01:07                           ;
+----------------------+--------------+-------------------------+---------------------+------------------------------------+


+-----------------------------------------------------------------------------------+
; Flow OS Summary                                                                   ;
+----------------------+------------------+-----------+------------+----------------+
; Module Name          ; Machine Hostname ; OS Name   ; OS Version ; Processor type ;
+----------------------+------------------+-----------+------------+----------------+
; Analysis & Synthesis ; U4-305p5         ; Windows 7 ; 6.1        ; x86_64         ;
; Fitter               ; U4-305p5         ; Windows 7 ; 6.1        ; x86_64         ;
; Assembler            ; U4-305p5         ; Windows 7 ; 6.1        ; x86_64         ;
; Timing Analyzer      ; U4-305p5         ; Windows 7 ; 6.1        ; x86_64         ;
+----------------------+------------------+-----------+------------+----------------+


------------
; Flow Log ;
------------
quartus_map --read_settings_files=on --write_settings_files=off sopc_compteur -c sopc_compteur
quartus_fit --read_settings_files=off --write_settings_files=off sopc_compteur -c sopc_compteur
quartus_asm --read_settings_files=off --write_settings_files=off sopc_compteur -c sopc_compteur
quartus_sta sopc_compteur -c sopc_compteur



