Info: Starting: Create block symbol file (.bsf)
Info: qsys-generate C:\Users\Etudiant\Documents\GIRAUD_1\SOPC\unsaved.qsys --block-symbol-file --output-directory=C:\Users\Etudiant\Documents\GIRAUD_1\SOPC\sopc_compteur --family="Cyclone IV E" --part=EP4CE22F17C6
Progress: Loading SOPC/unsaved.qsys
Progress: Reading input file
Progress: Adding BUTTONS [altera_avalon_pio 18.1]
Progress: Parameterizing module BUTTONS
Progress: Adding LEDS [altera_avalon_pio 18.1]
Progress: Parameterizing module LEDS
Progress: Adding anemometre_0 [anemometre 1.0]
Progress: Parameterizing module anemometre_0
Progress: Adding clk_0 [clock_source 18.1]
Progress: Parameterizing module clk_0
Progress: Adding jtag_uart_0 [altera_avalon_jtag_uart 18.1]
Progress: Parameterizing module jtag_uart_0
Progress: Adding nios2_gen2_0 [altera_nios2_gen2 18.1]
Progress: Parameterizing module nios2_gen2_0
Progress: Adding onchip_memory2_0 [altera_avalon_onchip_memory2 18.1]
Progress: Parameterizing module onchip_memory2_0
Progress: Adding pwm_0 [pwm 1.0]
Progress: Parameterizing module pwm_0
Progress: Adding sysid_qsys_0 [altera_avalon_sysid_qsys 18.1]
Progress: Parameterizing module sysid_qsys_0
Progress: Building connections
Progress: Parameterizing connections
Progress: Validating
Progress: Done reading input file
Info: unsaved.BUTTONS: PIO inputs are not hardwired in test bench. Undefined values will be read from PIO inputs during simulation.
Info: unsaved.jtag_uart_0: JTAG UART IP input clock need to be at least double (2x) the operating frequency of JTAG TCK on board
Info: unsaved.sysid_qsys_0: System ID is not assigned automatically. Edit the System ID parameter to provide a unique ID
Info: unsaved.sysid_qsys_0: Time stamp will be automatically updated when this component is generated.
Info: qsys-generate succeeded.
Info: Finished: Create block symbol file (.bsf)
Info: 
Info: Starting: Create HDL design files for synthesis
Info: qsys-generate C:\Users\Etudiant\Documents\GIRAUD_1\SOPC\unsaved.qsys --synthesis=VHDL --output-directory=C:\Users\Etudiant\Documents\GIRAUD_1\SOPC\sopc_compteur\synthesis --family="Cyclone IV E" --part=EP4CE22F17C6
Progress: Loading SOPC/unsaved.qsys
Progress: Reading input file
Progress: Adding BUTTONS [altera_avalon_pio 18.1]
Progress: Parameterizing module BUTTONS
Progress: Adding LEDS [altera_avalon_pio 18.1]
Progress: Parameterizing module LEDS
Progress: Adding anemometre_0 [anemometre 1.0]
Progress: Parameterizing module anemometre_0
Progress: Adding clk_0 [clock_source 18.1]
Progress: Parameterizing module clk_0
Progress: Adding jtag_uart_0 [altera_avalon_jtag_uart 18.1]
Progress: Parameterizing module jtag_uart_0
Progress: Adding nios2_gen2_0 [altera_nios2_gen2 18.1]
Progress: Parameterizing module nios2_gen2_0
Progress: Adding onchip_memory2_0 [altera_avalon_onchip_memory2 18.1]
Progress: Parameterizing module onchip_memory2_0
Progress: Adding pwm_0 [pwm 1.0]
Progress: Parameterizing module pwm_0
Progress: Adding sysid_qsys_0 [altera_avalon_sysid_qsys 18.1]
Progress: Parameterizing module sysid_qsys_0
Progress: Building connections
Progress: Parameterizing connections
Progress: Validating
Progress: Done reading input file
Info: unsaved.BUTTONS: PIO inputs are not hardwired in test bench. Undefined values will be read from PIO inputs during simulation.
Info: unsaved.jtag_uart_0: JTAG UART IP input clock need to be at least double (2x) the operating frequency of JTAG TCK on board
Info: unsaved.sysid_qsys_0: System ID is not assigned automatically. Edit the System ID parameter to provide a unique ID
Info: unsaved.sysid_qsys_0: Time stamp will be automatically updated when this component is generated.
Info: unsaved: Generating unsaved "unsaved" for QUARTUS_SYNTH
Info: BUTTONS: Starting RTL generation for module 'unsaved_BUTTONS'
Info: BUTTONS:   Generation command is [exec C:/intelfpga_lite/18.1/quartus/bin64/perl/bin/perl.exe -I C:/intelfpga_lite/18.1/quartus/bin64/perl/lib -I C:/intelfpga_lite/18.1/quartus/sopc_builder/bin/europa -I C:/intelfpga_lite/18.1/quartus/sopc_builder/bin/perl_lib -I C:/intelfpga_lite/18.1/quartus/sopc_builder/bin -I C:/intelfpga_lite/18.1/quartus/../ip/altera/sopc_builder_ip/common -I C:/intelfpga_lite/18.1/quartus/../ip/altera/sopc_builder_ip/altera_avalon_pio -- C:/intelfpga_lite/18.1/quartus/../ip/altera/sopc_builder_ip/altera_avalon_pio/generate_rtl.pl --name=unsaved_BUTTONS --dir=C:/Users/Etudiant/AppData/Local/Temp/alt0509_1438201624174569156.dir/0075_BUTTONS_gen/ --quartus_dir=C:/intelfpga_lite/18.1/quartus --verilog --config=C:/Users/Etudiant/AppData/Local/Temp/alt0509_1438201624174569156.dir/0075_BUTTONS_gen//unsaved_BUTTONS_component_configuration.pl  --do_build_sim=0  ]
Info: BUTTONS: Done RTL generation for module 'unsaved_BUTTONS'
Info: BUTTONS: "unsaved" instantiated altera_avalon_pio "BUTTONS"
Info: LEDS: Starting RTL generation for module 'unsaved_LEDS'
Info: LEDS:   Generation command is [exec C:/intelfpga_lite/18.1/quartus/bin64/perl/bin/perl.exe -I C:/intelfpga_lite/18.1/quartus/bin64/perl/lib -I C:/intelfpga_lite/18.1/quartus/sopc_builder/bin/europa -I C:/intelfpga_lite/18.1/quartus/sopc_builder/bin/perl_lib -I C:/intelfpga_lite/18.1/quartus/sopc_builder/bin -I C:/intelfpga_lite/18.1/quartus/../ip/altera/sopc_builder_ip/common -I C:/intelfpga_lite/18.1/quartus/../ip/altera/sopc_builder_ip/altera_avalon_pio -- C:/intelfpga_lite/18.1/quartus/../ip/altera/sopc_builder_ip/altera_avalon_pio/generate_rtl.pl --name=unsaved_LEDS --dir=C:/Users/Etudiant/AppData/Local/Temp/alt0509_1438201624174569156.dir/0076_LEDS_gen/ --quartus_dir=C:/intelfpga_lite/18.1/quartus --verilog --config=C:/Users/Etudiant/AppData/Local/Temp/alt0509_1438201624174569156.dir/0076_LEDS_gen//unsaved_LEDS_component_configuration.pl  --do_build_sim=0  ]
Info: LEDS: Done RTL generation for module 'unsaved_LEDS'
Info: LEDS: "unsaved" instantiated altera_avalon_pio "LEDS"
Info: anemometre_0: "unsaved" instantiated anemometre "anemometre_0"
Info: jtag_uart_0: Starting RTL generation for module 'unsaved_jtag_uart_0'
Info: jtag_uart_0:   Generation command is [exec C:/intelfpga_lite/18.1/quartus/bin64/perl/bin/perl.exe -I C:/intelfpga_lite/18.1/quartus/bin64/perl/lib -I C:/intelfpga_lite/18.1/quartus/sopc_builder/bin/europa -I C:/intelfpga_lite/18.1/quartus/sopc_builder/bin/perl_lib -I C:/intelfpga_lite/18.1/quartus/sopc_builder/bin -I C:/intelfpga_lite/18.1/quartus/../ip/altera/sopc_builder_ip/common -I C:/intelfpga_lite/18.1/quartus/../ip/altera/sopc_builder_ip/altera_avalon_jtag_uart -- C:/intelfpga_lite/18.1/quartus/../ip/altera/sopc_builder_ip/altera_avalon_jtag_uart/generate_rtl.pl --name=unsaved_jtag_uart_0 --dir=C:/Users/Etudiant/AppData/Local/Temp/alt0509_1438201624174569156.dir/0078_jtag_uart_0_gen/ --quartus_dir=C:/intelfpga_lite/18.1/quartus --verilog --config=C:/Users/Etudiant/AppData/Local/Temp/alt0509_1438201624174569156.dir/0078_jtag_uart_0_gen//unsaved_jtag_uart_0_component_configuration.pl  --do_build_sim=0  ]
Info: jtag_uart_0: Done RTL generation for module 'unsaved_jtag_uart_0'
Info: jtag_uart_0: "unsaved" instantiated altera_avalon_jtag_uart "jtag_uart_0"
Info: nios2_gen2_0: "unsaved" instantiated altera_nios2_gen2 "nios2_gen2_0"
Info: onchip_memory2_0: Starting RTL generation for module 'unsaved_onchip_memory2_0'
Info: onchip_memory2_0:   Generation command is [exec C:/intelfpga_lite/18.1/quartus/bin64/perl/bin/perl.exe -I C:/intelfpga_lite/18.1/quartus/bin64/perl/lib -I C:/intelfpga_lite/18.1/quartus/sopc_builder/bin/europa -I C:/intelfpga_lite/18.1/quartus/sopc_builder/bin/perl_lib -I C:/intelfpga_lite/18.1/quartus/sopc_builder/bin -I C:/intelfpga_lite/18.1/quartus/../ip/altera/sopc_builder_ip/common -I C:/intelfpga_lite/18.1/quartus/../ip/altera/sopc_builder_ip/altera_avalon_onchip_memory2 -- C:/intelfpga_lite/18.1/quartus/../ip/altera/sopc_builder_ip/altera_avalon_onchip_memory2/generate_rtl.pl --name=unsaved_onchip_memory2_0 --dir=C:/Users/Etudiant/AppData/Local/Temp/alt0509_1438201624174569156.dir/0079_onchip_memory2_0_gen/ --quartus_dir=C:/intelfpga_lite/18.1/quartus --verilog --config=C:/Users/Etudiant/AppData/Local/Temp/alt0509_1438201624174569156.dir/0079_onchip_memory2_0_gen//unsaved_onchip_memory2_0_component_configuration.pl  --do_build_sim=0  ]
Info: onchip_memory2_0: Done RTL generation for module 'unsaved_onchip_memory2_0'
Info: onchip_memory2_0: "unsaved" instantiated altera_avalon_onchip_memory2 "onchip_memory2_0"
Info: pwm_0: "unsaved" instantiated pwm "pwm_0"
Info: sysid_qsys_0: "unsaved" instantiated altera_avalon_sysid_qsys "sysid_qsys_0"
Info: avalon_st_adapter: Inserting error_adapter: error_adapter_0
Info: avalon_st_adapter_001: Inserting error_adapter: error_adapter_0
Info: avalon_st_adapter_002: Inserting error_adapter: error_adapter_0
Info: avalon_st_adapter_003: Inserting error_adapter: error_adapter_0
Info: avalon_st_adapter_004: Inserting error_adapter: error_adapter_0
Info: avalon_st_adapter_005: Inserting error_adapter: error_adapter_0
Info: avalon_st_adapter_006: Inserting error_adapter: error_adapter_0
Info: avalon_st_adapter_007: Inserting error_adapter: error_adapter_0
Info: mm_interconnect_0: "unsaved" instantiated altera_mm_interconnect "mm_interconnect_0"
Info: irq_mapper: "unsaved" instantiated altera_irq_mapper "irq_mapper"
Info: rst_controller: "unsaved" instantiated altera_reset_controller "rst_controller"
Info: cpu: Starting RTL generation for module 'unsaved_nios2_gen2_0_cpu'
Info: cpu:   Generation command is [exec C:/intelFPGA_lite/18.1/quartus/bin64//eperlcmd.exe -I C:/intelFPGA_lite/18.1/quartus/bin64//perl/lib -I C:/intelfpga_lite/18.1/quartus/sopc_builder/bin/europa -I C:/intelfpga_lite/18.1/quartus/sopc_builder/bin/perl_lib -I C:/intelfpga_lite/18.1/quartus/sopc_builder/bin -I C:/intelfpga_lite/18.1/quartus/../ip/altera/nios2_ip/altera_nios2_gen2/cpu_lib -I C:/intelfpga_lite/18.1/quartus/../ip/altera/nios2_ip/altera_nios2_gen2/nios_lib -I C:/intelfpga_lite/18.1/quartus/../ip/altera/nios2_ip/altera_nios2_gen2 -I C:/intelfpga_lite/18.1/quartus/../ip/altera/nios2_ip/altera_nios2_gen2 -- C:/intelfpga_lite/18.1/quartus/../ip/altera/nios2_ip/altera_nios2_gen2/generate_rtl.epl --name=unsaved_nios2_gen2_0_cpu --dir=C:/Users/Etudiant/AppData/Local/Temp/alt0509_1438201624174569156.dir/0084_cpu_gen/ --quartus_bindir=C:/intelFPGA_lite/18.1/quartus/bin64/ --verilog --config=C:/Users/Etudiant/AppData/Local/Temp/alt0509_1438201624174569156.dir/0084_cpu_gen//unsaved_nios2_gen2_0_cpu_processor_configuration.pl  --do_build_sim=0  ]
Info: cpu: # 2026.02.25 09:59:19 (*) Starting Nios II generation
Info: cpu: # 2026.02.25 09:59:19 (*)   Checking for plaintext license.
Info: cpu: # 2026.02.25 09:59:19 (*)   Couldn't query license setup in Quartus directory C:/intelFPGA_lite/18.1/quartus/bin64/
Info: cpu: # 2026.02.25 09:59:19 (*)   Defaulting to contents of LM_LICENSE_FILE environment variable
Info: cpu: # 2026.02.25 09:59:19 (*)   LM_LICENSE_FILE environment variable is empty
Info: cpu: # 2026.02.25 09:59:19 (*)   Plaintext license not found.
Info: cpu: # 2026.02.25 09:59:19 (*)   No license required to generate encrypted Nios II/e.
Info: cpu: # 2026.02.25 09:59:19 (*)   Elaborating CPU configuration settings
Info: cpu: # 2026.02.25 09:59:19 (*)   Creating all objects for CPU
Info: cpu: # 2026.02.25 09:59:20 (*)   Generating RTL from CPU objects
Info: cpu: # 2026.02.25 09:59:20 (*)   Creating plain-text RTL
Info: cpu: # 2026.02.25 09:59:20 (*) Done Nios II generation
Info: cpu: Done RTL generation for module 'unsaved_nios2_gen2_0_cpu'
Info: cpu: "nios2_gen2_0" instantiated altera_nios2_gen2_unit "cpu"
Info: nios2_gen2_0_data_master_translator: "mm_interconnect_0" instantiated altera_merlin_master_translator "nios2_gen2_0_data_master_translator"
Info: jtag_uart_0_avalon_jtag_slave_translator: "mm_interconnect_0" instantiated altera_merlin_slave_translator "jtag_uart_0_avalon_jtag_slave_translator"
Info: nios2_gen2_0_data_master_agent: "mm_interconnect_0" instantiated altera_merlin_master_agent "nios2_gen2_0_data_master_agent"
Info: jtag_uart_0_avalon_jtag_slave_agent: "mm_interconnect_0" instantiated altera_merlin_slave_agent "jtag_uart_0_avalon_jtag_slave_agent"
Info: jtag_uart_0_avalon_jtag_slave_agent_rsp_fifo: "mm_interconnect_0" instantiated altera_avalon_sc_fifo "jtag_uart_0_avalon_jtag_slave_agent_rsp_fifo"
Info: router: "mm_interconnect_0" instantiated altera_merlin_router "router"
Info: router_002: "mm_interconnect_0" instantiated altera_merlin_router "router_002"
Info: cmd_demux: "mm_interconnect_0" instantiated altera_merlin_demultiplexer "cmd_demux"
Info: cmd_mux: "mm_interconnect_0" instantiated altera_merlin_multiplexer "cmd_mux"
Info: rsp_demux: "mm_interconnect_0" instantiated altera_merlin_demultiplexer "rsp_demux"
Info: rsp_mux: "mm_interconnect_0" instantiated altera_merlin_multiplexer "rsp_mux"
Info: Reusing file C:/Users/Etudiant/Documents/GIRAUD_1/SOPC/sopc_compteur/synthesis/submodules/altera_merlin_arbitrator.sv
Info: avalon_st_adapter: "mm_interconnect_0" instantiated altera_avalon_st_adapter "avalon_st_adapter"
Info: error_adapter_0: "avalon_st_adapter" instantiated error_adapter "error_adapter_0"
Info: unsaved: Done "unsaved" with 26 modules, 40 files
Info: qsys-generate succeeded.
Info: Finished: Create HDL design files for synthesis
